<?xml version="1.0" encoding="UTF-8"?>
<testng-results ignored="0" total="3" passed="3" failed="0" skipped="0">
  <reporter-output>
  </reporter-output>
  <suite started-at="2021-10-10T15:46:29 IST" name="inetBanking" finished-at="2021-10-10T15:46:58 IST" duration-ms="29342">
    <groups>
    </groups>
    <test started-at="2021-10-10T15:46:29 IST" name="Login Test" finished-at="2021-10-10T15:46:48 IST" duration-ms="18887">
      <class name="com.inetbanking.testcases.LoginTest">
        <test-method is-config="true" signature="setUp(java.lang.String)[pri:0, instance:com.inetbanking.testcases.LoginTest@11dee337]" started-at="2021-10-10T15:46:29 IST" name="setUp" finished-at="2021-10-10T15:46:38 IST" duration-ms="9455" status="PASS">
          <params>
            <param index="0">
              <value>
                <![CDATA[chrome]]>
              </value>
            </param>
          </params>
          <reporter-output>
          </reporter-output>
        </test-method> <!-- setUp -->
        <test-method signature="loginTest(java.util.Hashtable)[pri:0, instance:com.inetbanking.testcases.LoginTest@11dee337]" started-at="2021-10-10T15:46:38 IST" name="loginTest" data-provider="dp" finished-at="2021-10-10T15:46:44 IST" duration-ms="5489" status="PASS">
          <params>
            <param index="0">
              <value>
                <![CDATA[{password=rapYjaz, username=mngr357508}]]>
              </value>
            </param>
          </params>
          <reporter-output>
          </reporter-output>
        </test-method> <!-- loginTest -->
        <test-method signature="loginTest(java.util.Hashtable)[pri:0, instance:com.inetbanking.testcases.LoginTest@11dee337]" started-at="2021-10-10T15:46:44 IST" name="loginTest" data-provider="dp" finished-at="2021-10-10T15:46:48 IST" duration-ms="3839" status="PASS">
          <params>
            <param index="0">
              <value>
                <![CDATA[{password=rapYjaz, username=mngr357508}]]>
              </value>
            </param>
          </params>
          <reporter-output>
          </reporter-output>
        </test-method> <!-- loginTest -->
        <test-method is-config="true" signature="tearDown()[pri:0, instance:com.inetbanking.testcases.LoginTest@11dee337]" started-at="2021-10-10T15:46:48 IST" name="tearDown" finished-at="2021-10-10T15:46:48 IST" duration-ms="76" status="PASS">
          <reporter-output>
          </reporter-output>
        </test-method> <!-- tearDown -->
      </class> <!-- com.inetbanking.testcases.LoginTest -->
    </test> <!-- Login Test -->
    <test started-at="2021-10-10T15:46:48 IST" name="Add New Customer Test" finished-at="2021-10-10T15:46:58 IST" duration-ms="9956">
      <class name="com.inetbanking.testcases.AddNewCustomerTest">
        <test-method is-config="true" signature="setUp(java.lang.String)[pri:0, instance:com.inetbanking.testcases.AddNewCustomerTest@56e07a08]" started-at="2021-10-10T15:46:48 IST" name="setUp" finished-at="2021-10-10T15:46:53 IST" duration-ms="5116" status="PASS">
          <params>
            <param index="0">
              <value>
                <![CDATA[chrome]]>
              </value>
            </param>
          </params>
          <reporter-output>
          </reporter-output>
        </test-method> <!-- setUp -->
        <test-method signature="addNewCustomerTest()[pri:0, instance:com.inetbanking.testcases.AddNewCustomerTest@56e07a08]" started-at="2021-10-10T15:46:53 IST" name="addNewCustomerTest" finished-at="2021-10-10T15:46:58 IST" duration-ms="4766" status="PASS">
          <reporter-output>
          </reporter-output>
        </test-method> <!-- addNewCustomerTest -->
        <test-method is-config="true" signature="tearDown()[pri:0, instance:com.inetbanking.testcases.AddNewCustomerTest@56e07a08]" started-at="2021-10-10T15:46:58 IST" name="tearDown" finished-at="2021-10-10T15:46:58 IST" duration-ms="74" status="PASS">
          <reporter-output>
          </reporter-output>
        </test-method> <!-- tearDown -->
      </class> <!-- com.inetbanking.testcases.AddNewCustomerTest -->
    </test> <!-- Add New Customer Test -->
  </suite> <!-- inetBanking -->
</testng-results>
